{
  "stats": {
    "suites": 1,
    "tests": 9,
    "passes": 9,
    "pending": 0,
    "failures": 0,
    "start": "2023-12-03T11:22:41.600Z",
    "end": "2023-12-03T11:23:16.870Z",
    "duration": 35270,
    "testsRegistered": 9,
    "passPercent": 100,
    "pendingPercent": 0,
    "other": 0,
    "hasOther": false,
    "skipped": 0,
    "hasSkipped": false
  },
  "results": [
    {
      "uuid": "6226c19d-7772-45f9-bcf6-8e1177875585",
      "title": "",
      "fullFile": "cypress\\e2e\\spec\\Amazon.spec.cy.js",
      "file": "cypress\\e2e\\spec\\Amazon.spec.cy.js",
      "beforeHooks": [],
      "afterHooks": [],
      "tests": [],
      "suites": [
        {
          "uuid": "4901c18e-13e8-4004-a76f-28fab18c06e2",
          "title": "Amazon registration",
          "fullFile": "",
          "file": "",
          "beforeHooks": [],
          "afterHooks": [],
          "tests": [
            {
              "title": "displays errors when all fields are empty",
              "fullTitle": "Amazon registration displays errors when all fields are empty",
              "timedOut": null,
              "duration": 5043,
              "state": "passed",
              "speed": "medium",
              "pass": true,
              "fail": false,
              "pending": false,
              "context": null,
              "code": "cy.submitClick();\n_SignUpPage.default.userNameErrorMessage();\ncy.verifyMobileErrorMessages(true);\n_SignUpPage.default.enterPasswordErrorMessage();",
              "err": {},
              "uuid": "604c5658-a95e-44e6-8e0a-2684c3172b6c",
              "parentUUID": "4901c18e-13e8-4004-a76f-28fab18c06e2",
              "isHook": false,
              "skipped": false
            },
            {
              "title": "displays errors when only spaces are entered in the username field",
              "fullTitle": "Amazon registration displays errors when only spaces are entered in the username field",
              "timedOut": null,
              "duration": 2781,
              "state": "passed",
              "speed": "fast",
              "pass": true,
              "fail": false,
              "pending": false,
              "context": null,
              "code": "_SignUpPage.default.userNameField(_user.default.signup.onlySpace);\ncy.submitClick();\n_SignUpPage.default.userNameErrorMessage();\ncy.verifyMobileErrorMessages(true);\n_SignUpPage.default.enterPasswordErrorMessage();\n//SignUpPage.enterPasswordErrorMessage()",
              "err": {},
              "uuid": "ec3b9748-635b-4ebc-9381-29f03e7db795",
              "parentUUID": "4901c18e-13e8-4004-a76f-28fab18c06e2",
              "isHook": false,
              "skipped": false
            },
            {
              "title": "displays errors when no phone number, email, and password are provided",
              "fullTitle": "Amazon registration displays errors when no phone number, email, and password are provided",
              "timedOut": null,
              "duration": 2516,
              "state": "passed",
              "speed": "fast",
              "pass": true,
              "fail": false,
              "pending": false,
              "context": null,
              "code": "_SignUpPage.default.userNameField(_user.default.signup.validUserName);\ncy.submitClick();\ncy.verifyMobileErrorMessages(true);\n_SignUpPage.default.enterPasswordErrorMessage();",
              "err": {},
              "uuid": "df33cffa-3529-4f82-ab4e-0f80cf60f469",
              "parentUUID": "4901c18e-13e8-4004-a76f-28fab18c06e2",
              "isHook": false,
              "skipped": false
            },
            {
              "title": "displays errors when only a mobile number is provided",
              "fullTitle": "Amazon registration displays errors when only a mobile number is provided",
              "timedOut": null,
              "duration": 2517,
              "state": "passed",
              "speed": "fast",
              "pass": true,
              "fail": false,
              "pending": false,
              "context": null,
              "code": "_SignUpPage.default.enterOnlyValidMobileNumber(_user.default.signup.validPhoneNumber);\ncy.submitClick();\n_SignUpPage.default.userNameErrorMessage();\n_SignUpPage.default.enterPasswordErrorMessage();",
              "err": {},
              "uuid": "7896302e-cd9d-41fe-b32a-4cb4b914a170",
              "parentUUID": "4901c18e-13e8-4004-a76f-28fab18c06e2",
              "isHook": false,
              "skipped": false
            },
            {
              "title": "displays errors when only a valid email is provided",
              "fullTitle": "Amazon registration displays errors when only a valid email is provided",
              "timedOut": null,
              "duration": 2603,
              "state": "passed",
              "speed": "fast",
              "pass": true,
              "fail": false,
              "pending": false,
              "context": null,
              "code": "_SignUpPage.default.enterOnlyValidEmail(_user.default.signup.validMailId);\ncy.submitClick();\n_SignUpPage.default.userNameErrorMessage();\ncy.verifyMobileErrorMessages(true);\n_SignUpPage.default.enterPasswordErrorMessage();",
              "err": {},
              "uuid": "a519dff6-30ab-4750-832d-e08eda50cb27",
              "parentUUID": "4901c18e-13e8-4004-a76f-28fab18c06e2",
              "isHook": false,
              "skipped": false
            },
            {
              "title": "displays errors when only a valid password is provided",
              "fullTitle": "Amazon registration displays errors when only a valid password is provided",
              "timedOut": null,
              "duration": 7219,
              "state": "passed",
              "speed": "medium",
              "pass": true,
              "fail": false,
              "pending": false,
              "context": null,
              "code": "_SignUpPage.default.enterOnlyValidPassword(_user.default.signup.validPassword);\ncy.submitClick();\n_SignUpPage.default.userNameErrorMessage();\ncy.verifyMobileErrorMessages(true);",
              "err": {},
              "uuid": "2921cc96-6c85-4f3a-8e3b-680fd84c9f9f",
              "parentUUID": "4901c18e-13e8-4004-a76f-28fab18c06e2",
              "isHook": false,
              "skipped": false
            },
            {
              "title": "displays errors when an invalid mobile number is provided",
              "fullTitle": "Amazon registration displays errors when an invalid mobile number is provided",
              "timedOut": null,
              "duration": 2670,
              "state": "passed",
              "speed": "fast",
              "pass": true,
              "fail": false,
              "pending": false,
              "context": null,
              "code": "_SignUpPage.default.enterOnlyValidMobileNumber(_user.default.signup.invalidMobilNumber);\ncy.submitClick();\ncy.verifyMobileErrorMessages(false);\n_SignUpPage.default.userNameErrorMessage();\n_SignUpPage.default.enterPasswordErrorMessage();",
              "err": {},
              "uuid": "37b218c9-0a64-439f-8f06-eee2c0a21a32",
              "parentUUID": "4901c18e-13e8-4004-a76f-28fab18c06e2",
              "isHook": false,
              "skipped": false
            },
            {
              "title": "displays errors when only the minimum digit password is provided",
              "fullTitle": "Amazon registration displays errors when only the minimum digit password is provided",
              "timedOut": null,
              "duration": 2474,
              "state": "passed",
              "speed": "fast",
              "pass": true,
              "fail": false,
              "pending": false,
              "context": null,
              "code": "_SignUpPage.default.passwordField(_user.default.signup.leastPassword);\ncy.submitClick();\n_SignUpPage.default.userNameErrorMessage();\ncy.verifyMobileErrorMessages(true);\ncy.verifyPasswordLeastMessages();",
              "err": {},
              "uuid": "82c511e0-2b92-4d4f-9ded-14f164a90699",
              "parentUUID": "4901c18e-13e8-4004-a76f-28fab18c06e2",
              "isHook": false,
              "skipped": false
            },
            {
              "title": "successfully proceeds to the next page when all valid data is provided",
              "fullTitle": "Amazon registration successfully proceeds to the next page when all valid data is provided",
              "timedOut": null,
              "duration": 6684,
              "state": "passed",
              "speed": "medium",
              "pass": true,
              "fail": false,
              "pending": false,
              "context": null,
              "code": "cy.validSignUpForm(_user.default.signup.validUserName, _user.default.signup.validPhoneNumber, _user.default.signup.validMailId, _user.default.signup.validPassword);",
              "err": {},
              "uuid": "e5d347ec-faee-493b-84d8-329e6bd1280e",
              "parentUUID": "4901c18e-13e8-4004-a76f-28fab18c06e2",
              "isHook": false,
              "skipped": false
            }
          ],
          "suites": [],
          "passes": [
            "604c5658-a95e-44e6-8e0a-2684c3172b6c",
            "ec3b9748-635b-4ebc-9381-29f03e7db795",
            "df33cffa-3529-4f82-ab4e-0f80cf60f469",
            "7896302e-cd9d-41fe-b32a-4cb4b914a170",
            "a519dff6-30ab-4750-832d-e08eda50cb27",
            "2921cc96-6c85-4f3a-8e3b-680fd84c9f9f",
            "37b218c9-0a64-439f-8f06-eee2c0a21a32",
            "82c511e0-2b92-4d4f-9ded-14f164a90699",
            "e5d347ec-faee-493b-84d8-329e6bd1280e"
          ],
          "failures": [],
          "pending": [],
          "skipped": [],
          "duration": 34507,
          "root": false,
          "rootEmpty": false,
          "_timeout": 2000
        }
      ],
      "passes": [],
      "failures": [],
      "pending": [],
      "skipped": [],
      "duration": 0,
      "root": true,
      "rootEmpty": true,
      "_timeout": 2000
    }
  ],
  "meta": {
    "mocha": {
      "version": "7.0.1"
    },
    "mochawesome": {
      "options": {
        "quiet": false,
        "reportFilename": "mochawesome",
        "saveHtml": true,
        "saveJson": true,
        "consoleReporter": "spec",
        "useInlineDiffs": false,
        "code": true
      },
      "version": "7.1.3"
    },
    "marge": {
      "options": null,
      "version": "6.2.0"
    }
  }
}